0 info it worked if it ends with ok
1 verbose cli [ '/Users/casper/.nvm/versions/node/v6.9.4/bin/node',
1 verbose cli   '/Users/casper/.nvm/versions/node/v6.9.4/bin/npm',
1 verbose cli   'run',
1 verbose cli   'docs' ]
2 info using npm@3.10.10
3 info using node@v6.9.4
4 verbose run-script [ 'predocs', 'docs', 'postdocs' ]
5 info lifecycle bootstrap@4.0.0-beta.2~predocs: bootstrap@4.0.0-beta.2
6 silly lifecycle bootstrap@4.0.0-beta.2~predocs: no script for predocs, continuing
7 info lifecycle bootstrap@4.0.0-beta.2~docs: bootstrap@4.0.0-beta.2
8 verbose lifecycle bootstrap@4.0.0-beta.2~docs: unsafe-perm in lifecycle true
9 verbose lifecycle bootstrap@4.0.0-beta.2~docs: PATH: /Users/casper/.nvm/versions/node/v6.9.4/lib/node_modules/npm/bin/node-gyp-bin:/Users/casper/Github/bootstrap/node_modules/.bin:/Users/casper/.rvm/gems/ruby-2.3.3/bin:/Users/casper/.rvm/gems/ruby-2.3.3@global/bin:/Users/casper/.rvm/rubies/ruby-2.3.3/bin:/Users/casper/.nvm/versions/node/v6.9.4/bin:/usr/local/bin:/usr/bin:/bin:/usr/sbin:/sbin:/Users/casper/.rvm/bin
10 verbose lifecycle bootstrap@4.0.0-beta.2~docs: CWD: /Users/casper/Github/bootstrap
11 silly lifecycle bootstrap@4.0.0-beta.2~docs: Args: [ '-c',
11 silly lifecycle   'npm-run-all --parallel css-docs js-docs --sequential docs-compile docs-lint' ]
12 silly lifecycle bootstrap@4.0.0-beta.2~docs: Returned: code: 1  signal: null
13 info lifecycle bootstrap@4.0.0-beta.2~docs: Failed to exec docs script
14 verbose stack Error: bootstrap@4.0.0-beta.2 docs: `npm-run-all --parallel css-docs js-docs --sequential docs-compile docs-lint`
14 verbose stack Exit status 1
14 verbose stack     at EventEmitter.<anonymous> (/Users/casper/.nvm/versions/node/v6.9.4/lib/node_modules/npm/lib/utils/lifecycle.js:255:16)
14 verbose stack     at emitTwo (events.js:106:13)
14 verbose stack     at EventEmitter.emit (events.js:191:7)
14 verbose stack     at ChildProcess.<anonymous> (/Users/casper/.nvm/versions/node/v6.9.4/lib/node_modules/npm/lib/utils/spawn.js:40:14)
14 verbose stack     at emitTwo (events.js:106:13)
14 verbose stack     at ChildProcess.emit (events.js:191:7)
14 verbose stack     at maybeClose (internal/child_process.js:877:16)
14 verbose stack     at Process.ChildProcess._handle.onexit (internal/child_process.js:226:5)
15 verbose pkgid bootstrap@4.0.0-beta.2
16 verbose cwd /Users/casper/Github/bootstrap
17 error Darwin 17.0.0
18 error argv "/Users/casper/.nvm/versions/node/v6.9.4/bin/node" "/Users/casper/.nvm/versions/node/v6.9.4/bin/npm" "run" "docs"
19 error node v6.9.4
20 error npm  v3.10.10
21 error code ELIFECYCLE
22 error bootstrap@4.0.0-beta.2 docs: `npm-run-all --parallel css-docs js-docs --sequential docs-compile docs-lint`
22 error Exit status 1
23 error Failed at the bootstrap@4.0.0-beta.2 docs script 'npm-run-all --parallel css-docs js-docs --sequential docs-compile docs-lint'.
23 error Make sure you have the latest version of node.js and npm installed.
23 error If you do, this is most likely a problem with the bootstrap package,
23 error not with npm itself.
23 error Tell the author that this fails on your system:
23 error     npm-run-all --parallel css-docs js-docs --sequential docs-compile docs-lint
23 error You can get information on how to open an issue for this project with:
23 error     npm bugs bootstrap
23 error Or if that isn't available, you can get their info via:
23 error     npm owner ls bootstrap
23 error There is likely additional logging output above.
24 verbose exit [ 1, true ]
